MemoryMood/proguard-project.txt
# To enable ProGuard in your project, edit project.properties
# to define the proguard.config property as described in that file.
#
# Add project specific ProGuard rules here.
# By default, the flags in this file are appended to flags specified
# in ${sdk.dir}/tools/proguard/proguard-android.txt
# You can edit the include path and order by changing the ProGuard
# include property in project.properties.
#
# For more details, see
#   http://developer.android.com/guide/developing/tools/proguard.html

# Add any project specific keep options here:
# -------- Daily Studio Library --------
#
-keep class * extends com.dailystudio.dataobject.DatabaseObject {
	<init>();
	<init>(android.content.Context);
	<init>(android.content.Context, int);
}

-keep class * extends com.dailystudio.nativelib.observable.NativeObservable {
	<init>();
	<init>(android.content.Context);
}

# -------- Memory Library --------
#
-keep class * extends com.dailystudio.memory.task.TaskHost {
	<init>();
	<init>(android.content.Context);
}

-keep class * extends com.dailystudio.memory.task.Task {
	<init>();
	<init>(android.content.Context);
}

# -------- Gson --------
# Gson uses generic type information stored in a class file when working with fields. Proguard
# removes such information by default, so configure it to keep all of it.
#
-keepattributes Signature
-keep class sun.misc.Unsafe { *; }
-keep class com.dailystudio.memory.searchable.MemorySearchableQuery { *; }
-keep class com.dailystudio.memory.searchable.queryparams.KeywordQueryParameter { *; }
-keep class com.dailystudio.memory.searchable.queryparams.TimeQueryParameter { *; }
-keep class com.dailystudio.memory.searchable.queryparams.TextQueryParameter { *; }

# If your project uses WebView with JS, uncomment the following
# and specify the fully qualified class name to the JavaScript interface
# class:
#-keepclassmembers class fqcn.of.javascript.interface.for.webview {
#   public *;
#}