MemoryMood/proguard/seeds.txt
com.dailystudio.memory.mood.AskMoodTask
com.dailystudio.memory.mood.AskMoodTask: AskMoodTask(android.content.Context)
com.dailystudio.memory.mood.MemoryMood
com.dailystudio.memory.mood.MemoryMood: MemoryMood(android.content.Context)
com.dailystudio.memory.mood.MemoryMoodApplication
com.dailystudio.memory.mood.MemoryMoodApplication: MemoryMoodApplication()
com.dailystudio.memory.mood.MemoryMoodDatabaseConnectivityProvider
com.dailystudio.memory.mood.MemoryMoodDatabaseConnectivityProvider: MemoryMoodDatabaseConnectivityProvider()
com.dailystudio.memory.mood.MemoryMoodHourAverage
com.dailystudio.memory.mood.MemoryMoodHourAverage: MemoryMoodHourAverage(android.content.Context)
com.dailystudio.memory.mood.MemoryMoodPieceQueryReceiver
com.dailystudio.memory.mood.MemoryMoodPieceQueryReceiver: MemoryMoodPieceQueryReceiver()
com.dailystudio.memory.mood.MemoryMoodWeekdayAverage
com.dailystudio.memory.mood.MemoryMoodWeekdayAverage: MemoryMoodWeekdayAverage(android.content.Context)
com.dailystudio.memory.mood.MoodCoreAppCheckActivity
com.dailystudio.memory.mood.MoodCoreAppCheckActivity: MoodCoreAppCheckActivity()
com.dailystudio.memory.mood.MoodSearchableContentProvider
com.dailystudio.memory.mood.MoodSearchableContentProvider: MoodSearchableContentProvider()
com.dailystudio.memory.mood.MoodTasksKeepAliveSerive
com.dailystudio.memory.mood.MoodTasksKeepAliveSerive: MoodTasksKeepAliveSerive()
com.dailystudio.memory.mood.MoodWidgetDataUpdateCheckerTask
com.dailystudio.memory.mood.MoodWidgetDataUpdateCheckerTask: MoodWidgetDataUpdateCheckerTask(android.content.Context)
com.dailystudio.memory.mood.PluginMood
com.dailystudio.memory.mood.PluginMood: PluginMood()
com.dailystudio.memory.mood.R$anim: int actbar_overflow_dropdown_in
com.dailystudio.memory.mood.R$anim: int actbar_overflow_dropdown_out
com.dailystudio.memory.mood.R$anim: int actbar_overflow_popup_overlay_in
com.dailystudio.memory.mood.R$anim: int actbar_overflow_popup_overlay_out
com.dailystudio.memory.mood.R$anim: int actbar_prompt_in_bottom
com.dailystudio.memory.mood.R$anim: int actbar_prompt_out_bottom
com.dailystudio.memory.mood.R$anim: int ask_board_in
com.dailystudio.memory.mood.R$anim: int ask_board_out
com.dailystudio.memory.mood.R$anim: int char_layout_anim
com.dailystudio.memory.mood.R$anim: int chart_in
com.dailystudio.memory.mood.R$anim: int circle_item_in
com.dailystudio.memory.mood.R$anim: int circle_layout_anim
com.dailystudio.memory.mood.R$anim: int expand_list_item_in
com.dailystudio.memory.mood.R$anim: int expand_list_item_layout_anim
com.dailystudio.memory.mood.R$anim: int fade_in
com.dailystudio.memory.mood.R$anim: int fade_out
com.dailystudio.memory.mood.R$anim: int grid_item_in
com.dailystudio.memory.mood.R$anim: int grid_layout_anim
com.dailystudio.memory.mood.R$anim: int grow_fade_in
com.dailystudio.memory.mood.R$anim: int grow_fade_in_center
com.dailystudio.memory.mood.R$anim: int grow_fade_in_from_bottom
com.dailystudio.memory.mood.R$anim: int list_item_in
com.dailystudio.memory.mood.R$anim: int list_layout_anim
com.dailystudio.memory.mood.R$anim: int mood_lvl_display
com.dailystudio.memory.mood.R$anim: int mood_lvl_hide
com.dailystudio.memory.mood.R$attr: int allowSingleTap
com.dailystudio.memory.mood.R$attr: int animateOnClick
com.dailystudio.memory.mood.R$attr: int bottomOffset
com.dailystudio.memory.mood.R$attr: int content
com.dailystudio.memory.mood.R$attr: int count
com.dailystudio.memory.mood.R$attr: int handle
com.dailystudio.memory.mood.R$attr: int minDigits
com.dailystudio.memory.mood.R$attr: int orientation
com.dailystudio.memory.mood.R$attr: int textColor
com.dailystudio.memory.mood.R$attr: int textSize
com.dailystudio.memory.mood.R$attr: int textStyle
com.dailystudio.memory.mood.R$attr: int topOffset
...
com.dailystudio.memory.ui.R$raw: int default_showcase_404_page
com.dailystudio.memory.ui.R$raw: int default_showcase_404_page_style
com.dailystudio.memory.ui.R$string: int activity_ask_question
com.dailystudio.memory.ui.R$string: int activity_notification
com.dailystudio.memory.ui.R$string: int alert_dialog_button_cancel
com.dailystudio.memory.ui.R$string: int alert_dialog_button_confirm
com.dailystudio.memory.ui.R$string: int app_name
com.dailystudio.memory.ui.R$string: int build_device
com.dailystudio.memory.ui.R$string: int build_manufacture
com.dailystudio.memory.ui.R$string: int build_platform
com.dailystudio.memory.ui.R$string: int chart_lable_date
com.dailystudio.memory.ui.R$string: int core_app_check_button_know
com.dailystudio.memory.ui.R$string: int core_app_check_confirm_dialog_message
com.dailystudio.memory.ui.R$string: int core_app_check_confirm_dialog_title
com.dailystudio.memory.ui.R$string: int core_app_check_explaination
com.dailystudio.memory.ui.R$string: int core_app_check_installed
com.dailystudio.memory.ui.R$string: int core_app_check_not_installed
com.dailystudio.memory.ui.R$string: int core_app_check_not_show_again
com.dailystudio.memory.ui.R$string: int core_app_check_step_one
com.dailystudio.memory.ui.R$string: int core_app_check_step_two
com.dailystudio.memory.ui.R$string: int default_ask_board_text
com.dailystudio.memory.ui.R$string: int default_ask_question_title
com.dailystudio.memory.ui.R$string: int default_bfw_title
com.dailystudio.memory.ui.R$string: int default_category_label
com.dailystudio.memory.ui.R$string: int default_iv_description
com.dailystudio.memory.ui.R$style: int ActionBarOverflowMenuItemText
com.dailystudio.memory.ui.R$style: int ActionBarPromptText
com.dailystudio.memory.ui.R$style: int ActionBarText
com.dailystudio.memory.ui.R$style: int ActionBarTitleText
com.dailystudio.memory.ui.R$style: int ActiveLabel
com.dailystudio.memory.ui.R$style: int Animation
com.dailystudio.memory.ui.R$style: int Animation_DropDownCenter
com.dailystudio.memory.ui.R$style: int Animation_DropDownDown
com.dailystudio.memory.ui.R$style: int Animation_DropDownUp
com.dailystudio.memory.ui.R$style: int AppTheme
com.dailystudio.memory.ui.R$style: int AskBoardText
com.dailystudio.memory.ui.R$style: int AskQuestionContent
com.dailystudio.memory.ui.R$style: int BottomFloatingWindowButton
com.dailystudio.memory.ui.R$style: int BottomFloatingWindowTitle
com.dailystudio.memory.ui.R$style: int CoreAppCheckExplainText
com.dailystudio.memory.ui.R$style: int CoreAppCheckResultText
com.dailystudio.memory.ui.R$style: int CoreAppCheckStepListText
com.dailystudio.memory.ui.R$style: int CoreAppCheckStepText
com.dailystudio.memory.ui.R$style: int DefaultAdapterView
com.dailystudio.memory.ui.R$style: int DefaultAppWidgetButton
com.dailystudio.memory.ui.R$style: int DefaultAppWidgetLabel
com.dailystudio.memory.ui.R$style: int DefaultAppWidgetTitle
com.dailystudio.memory.ui.R$style: int DefaultButton
com.dailystudio.memory.ui.R$style: int DefaultCheck
com.dailystudio.memory.ui.R$style: int DefaultCheck_Dark