MemoryMood/proguard/mapping.txt
com.dailystudio.memory.mood.AskMoodTask -> com.dailystudio.memory.mood.AskMoodTask:
    int[] sRandomHintResources -> b
    java.util.Random mRandom -> c
    void onCreate(android.content.Context,long) -> a
    void onExecute(android.content.Context,long) -> b
    int pickHintResourceByHour(int) -> b
com.dailystudio.memory.mood.MemoryMood -> com.dailystudio.memory.mood.MemoryMood:
    com.dailystudio.dataobject.Column COLUMN_MOOD -> a
    com.dailystudio.dataobject.Column COLUMN_MOOD_LEVEL -> b
    com.dailystudio.dataobject.TextColumn COLUMN_COMMENTS -> f
    com.dailystudio.dataobject.Column[] sColumns -> g
    void initMembers() -> j
    void setMood(int) -> a
    int getMood() -> a
    int getMoodLevel() -> h
    void setComment(java.lang.String) -> a
    java.lang.String getComment() -> i
    java.lang.String toString() -> toString
com.dailystudio.memory.mood.MemoryMoodApplication -> com.dailystudio.memory.mood.MemoryMoodApplication:
    void onCreate() -> onCreate
com.dailystudio.memory.mood.MemoryMoodDatabaseConnectivityProvider -> com.dailystudio.memory.mood.MemoryMoodDatabaseConnectivityProvider:
com.dailystudio.memory.mood.MemoryMoodHourAverage -> com.dailystudio.memory.mood.MemoryMoodHourAverage:
    com.dailystudio.dataobject.Column COLUMN_HOUR -> a
    com.dailystudio.dataobject.Column COLUMN_MOOD_AVG -> b
    com.dailystudio.dataobject.Column[] sCloumns -> f
    int getHour() -> a
    double getMoodAverage() -> h
    java.lang.String toString() -> toString
com.dailystudio.memory.mood.MemoryMoodPieceQueryReceiver -> com.dailystudio.memory.mood.MemoryMoodPieceQueryReceiver:
    long onQueryMemoryPiceceCount(android.content.Context) -> a
com.dailystudio.memory.mood.MemoryMoodWeekdayAverage -> com.dailystudio.memory.mood.MemoryMoodWeekdayAverage:
    com.dailystudio.dataobject.Column COLUMN_WEEKDAY -> a
    com.dailystudio.dataobject.Column COLUMN_MOOD_AVG -> b
    com.dailystudio.dataobject.Column[] sCloumns -> f
    int getWeekday() -> a
    double getMoodAverage() -> h
    java.lang.String toString() -> toString
com.dailystudio.memory.mood.Mood -> com.dailystudio.memory.mood.a:
    int identifier -> a
    int labelResId -> b
    int iconResId -> c
    int level -> d
    java.lang.String toString() -> toString
com.dailystudio.memory.mood.MoodCoreAppCheckActivity -> com.dailystudio.memory.mood.MoodCoreAppCheckActivity:
    android.graphics.drawable.Drawable getPluginIcon() -> k
    android.graphics.drawable.Drawable getPluginIconDisabled() -> l
    java.lang.CharSequence getPluginName() -> m
com.dailystudio.memory.mood.MoodSearchableContentProvider -> com.dailystudio.memory.mood.MoodSearchableContentProvider:
    java.util.List doQuerySuggestions(com.dailystudio.memory.searchable.MemorySearchableQuery) -> a
    android.database.Cursor doQueryData(com.dailystudio.memory.searchable.MemorySearchableQuery) -> b
    com.dailystudio.memory.searchable.MemorySearchableContent memoryToSearchableContent(android.database.Cursor) -> a
    java.lang.String getSearchableAuthority() -> a
com.dailystudio.memory.mood.MoodTasksKeepAliveSerive -> com.dailystudio.memory.mood.MoodTasksKeepAliveSerive:
com.dailystudio.memory.mood.MoodWidgetDataUpdateCheckerTask -> com.dailystudio.memory.mood.MoodWidgetDataUpdateCheckerTask:
    void onCreate(android.content.Context,long) -> a
    void onExecute(android.content.Context,long) -> b
    void forceWidgetUpdate(android.content.Context) -> b
    boolean checkDateChanged(android.content.Context) -> a
com.dailystudio.memory.mood.Moods -> com.dailystudio.memory.mood.b:
    com.dailystudio.memory.mood.Mood[] sMoods -> a
    int sMinLevel -> b
    int sMaxLevel -> c
    int sMinLevelMoodId -> d
    int sMaxLevelMoodId -> e
    java.util.List listMoods() -> a
    com.dailystudio.memory.mood.Mood getMood(int) -> a
    int getMoodLevel(int) -> b
    int getMinMoodLevel() -> b
    int getMaxMoodLevel() -> c
    int findMoodIdByLevel(int) -> c
    int getDefaultMoodId() -> d
...
com.dailystudio.memory.ui.CountView -> com.dailystudio.memory.ui.CountView:
    int DEFAULT_MINI_DIGITS -> b
    long DELTA_INC_DELAY -> c
    long DURATION_ESTIMATION_UNIT -> d
    long MAX_COUNT_DURATION -> e
    android.content.Context mContext -> a
    int mMiniDigits -> f
    java.lang.String mCountValueTempl -> g
    long mDestCount -> h
    long mCurrCount -> i
    com.dailystudio.memory.ui.CountView$OnCountListener mOnCountListener -> j
    void initMembers() -> a
    void setMinimumDigits(int) -> setMinimumDigits
    int getMinimumDigits() -> getMinimumDigits
    void updateCountValue() -> b
    void setOnCountListener(com.dailystudio.memory.ui.CountView$OnCountListener) -> setOnCountListener
com.dailystudio.memory.ui.CountView$OnCountListener -> com.dailystudio.memory.ui.f:
com.dailystudio.memory.ui.R -> com.dailystudio.memory.ui.g:
com.dailystudio.memory.ui.R$anim -> com.dailystudio.memory.ui.h:
    int actbar_overflow_dropdown_in -> actbar_overflow_dropdown_in
    int actbar_overflow_dropdown_out -> actbar_overflow_dropdown_out
    int actbar_overflow_popup_overlay_in -> actbar_overflow_popup_overlay_in
    int actbar_overflow_popup_overlay_out -> actbar_overflow_popup_overlay_out
    int actbar_prompt_in_bottom -> actbar_prompt_in_bottom
    int actbar_prompt_out_bottom -> actbar_prompt_out_bottom
    int ask_board_in -> ask_board_in
    int ask_board_out -> ask_board_out
    int char_layout_anim -> char_layout_anim
    int chart_in -> chart_in
    int circle_item_in -> circle_item_in
    int circle_layout_anim -> circle_layout_anim
    int expand_list_item_in -> expand_list_item_in
    int expand_list_item_layout_anim -> expand_list_item_layout_anim
    int fade_in -> fade_in
    int fade_out -> fade_out
    int grid_item_in -> grid_item_in
    int grid_layout_anim -> grid_layout_anim
    int grow_fade_in -> grow_fade_in
    int grow_fade_in_center -> grow_fade_in_center
    int grow_fade_in_from_bottom -> grow_fade_in_from_bottom
    int list_item_in -> list_item_in
    int list_layout_anim -> list_layout_anim
    int notify_view_in -> notify_view_in
    int notify_view_out -> notify_view_out
    int paper_clip_in -> paper_clip_in
    int paper_clip_out -> paper_clip_out
    int shrink_fade_out -> shrink_fade_out
    int shrink_fade_out_center -> shrink_fade_out_center
com.dailystudio.memory.ui.R$color -> com.dailystudio.memory.ui.i:
    int action_bar_bg_color -> action_bar_bg_color
    int action_bar_popup_content_overlay -> action_bar_popup_content_overlay
    int action_bar_text_color -> action_bar_text_color
    int action_bar_text_disable_color -> action_bar_text_disable_color
    int android_blue -> android_blue
    int android_blue_light -> android_blue_light
    int black -> black
    int blue -> blue
    int chart_transparent -> chart_transparent
    int core_app_check_step_text_color -> core_app_check_step_text_color
    int dark_red -> dark_red
    int default_button_text_color -> default_button_text_color
    int fadeText -> fadeText
    int gold_yellow -> gold_yellow
    int gray -> gray
    int green -> green
    int light_black -> light_black
    int light_gray -> light_gray
    int light_white -> light_white
    int orange -> orange
    int red -> red
    int royal_blue -> royal_blue
    int see_green -> see_green
    int tomato_red -> tomato_red
    int translucent_background -> translucent_background
    int transparent -> transparent
    int transparent_background -> transparent_background
    int white -> white