MemoryMood/proguard/usage.txt
com.dailystudio.memory.mood.BuildConfig
com.dailystudio.memory.mood.Constants
com.dailystudio.memory.mood.LoaderIds
com.dailystudio.memory.mood.MemoryMoodPieceQueryReceiver:
    31:31:protected void onQueryMemoryPiceceDigest(android.content.Context)
com.dailystudio.memory.mood.Mood$MoodComparator
com.dailystudio.memory.mood.MoodSearchableContentProvider:
    private static final java.lang.String SEARCHABLE_AUTHORITY
com.dailystudio.memory.mood.MoodWidgetDataUpdateCheckerTask:
    private static final java.lang.String PREF_DATE_CHECK
    private static final java.lang.String KEY_LAST_DATE
com.dailystudio.memory.mood.Moods:
    8:8:public Moods()
    59:65:public static java.util.List listMoodResources()
    127:127:public static com.dailystudio.memory.mood.Mood getDefaultMood()
com.dailystudio.memory.mood.QuestionIds
com.dailystudio.memory.mood.R
com.dailystudio.memory.mood.R$anim
com.dailystudio.memory.mood.R$attr
com.dailystudio.memory.mood.R$color
com.dailystudio.memory.mood.R$dimen
com.dailystudio.memory.mood.R$drawable
com.dailystudio.memory.mood.R$id
com.dailystudio.memory.mood.R$integer
com.dailystudio.memory.mood.R$layout
com.dailystudio.memory.mood.R$menu
com.dailystudio.memory.mood.R$raw
com.dailystudio.memory.mood.R$string
com.dailystudio.memory.mood.R$style
com.dailystudio.memory.mood.R$styleable
com.dailystudio.memory.mood.R$xml
com.dailystudio.memory.mood.appwidget.MoodWeekChartWidgetDataAsyncTask
com.dailystudio.memory.mood.chart.AppMoodWeekChartBuilder:
    22:23:public AppMoodWeekChartBuilder(android.content.Context)
com.dailystudio.memory.mood.chart.BaseMoodWeekChartBuilder:
    31:32:public BaseMoodWeekChartBuilder(android.content.Context)
    204:212:public android.view.View getChart(java.lang.Object,java.lang.Object)
com.dailystudio.memory.mood.loader.MoodWeekdaysLoader:
    11:12:public MoodWeekdaysLoader(android.content.Context)
com.dailystudio.memory.mood.loader.MoodWeeksLoader:
    11:12:public MoodWeeksLoader(android.content.Context)
...
com.dailystudio.database.TemplateInflater
com.dailystudio.database.TextColumn
com.dailystudio.dataobject.BlobColumn:
    private static final java.lang.String TYPE_NAME
    24:25:public BlobColumn(java.lang.String,int)
    28:29:public BlobColumn(java.lang.String,boolean,int)
    32:33:public BlobColumn(java.lang.String,boolean,boolean,int)
    66:76:protected void attachValueTo(android.content.Intent,android.content.ContentValues)
com.dailystudio.dataobject.Column:
    public static final int VERSION_LATEST
    public static final int VERSION_1
    private static final java.lang.String WHITE_SPACE
    private static final java.lang.String CONSTRAINT_NOT_NULL
    private static final java.lang.String CONSTRAINT_PRIMARY_KEY
    30:31:public Column(java.lang.String,java.lang.String)
    34:35:public Column(java.lang.String,java.lang.String,boolean)
    38:39:public Column(java.lang.String,java.lang.String,boolean,boolean)
    42:43:public Column(java.lang.String,java.lang.String,int)
    46:47:public Column(java.lang.String,java.lang.String,boolean,int)
    68:68:public boolean isAllowNull()
    72:72:public boolean isPrimary()
    protected abstract void attachValueTo(android.content.Intent,android.content.ContentValues)
    141:141:public com.dailystudio.dataobject.query.ExpressionToken plus(com.dailystudio.dataobject.Column)
    145:145:public com.dailystudio.dataobject.query.ExpressionToken minus(com.dailystudio.dataobject.Column)
    149:149:public com.dailystudio.dataobject.query.ExpressionToken multiple(com.dailystudio.dataobject.Column)
    153:153:public com.dailystudio.dataobject.query.ExpressionToken divide(com.dailystudio.dataobject.Column)
    157:157:public com.dailystudio.dataobject.query.ExpressionToken modulo(com.dailystudio.dataobject.Column)
    191:191:public com.dailystudio.dataobject.query.ExpressionToken in(java.lang.Object,java.lang.Object)
com.dailystudio.dataobject.DatabaseObject:
    public static final int VERSION_LATEST
    public static final int VERSION_START
    private static final java.lang.String TABLE_SQL_BASE
    47:52:protected void setTemplate(com.dailystudio.dataobject.Template)
    63:90:public final java.util.List listNonEmptyColumns()
    94:103:public void setValue(java.lang.String,java.lang.Object)
    142:150:public java.lang.Object getValue(java.lang.String)
    185:193:public int getIntegerValue(java.lang.String)
    212:220:public long getLongValue(java.lang.String)
    239:247:public double getDoubleValue(java.lang.String)
    266:274:public java.lang.String getTextValue(java.lang.String)
    293:301:public byte[] getBlobValue(java.lang.String)
    327:350:public android.content.Intent convertToIntent()
    381:438:public java.lang.String toSQLSelectionString()
    442:442:public java.lang.String handleNullProjection()
com.dailystudio.dataobject.DatabaseObjectCopier
com.dailystudio.dataobject.DatabaseObjectCreationParams:
    10:11:DatabaseObjectCreationParams(java.lang.Class)
com.dailystudio.dataobject.DatabaseObjectFactory:
    21:21:public static final com.dailystudio.dataobject.DatabaseObject createDatabaseObject()
com.dailystudio.dataobject.DatabaseObjectFactory$ObjectCreationParams
com.dailystudio.dataobject.DoubleColumn:
    private static final java.lang.String TYPE_NAME
    14:15:public DoubleColumn(java.lang.String)
    26:27:public DoubleColumn(java.lang.String,int)
    30:31:public DoubleColumn(java.lang.String,boolean,int)
    34:35:public DoubleColumn(java.lang.String,boolean,boolean,int)
    69:79:protected void attachValueTo(android.content.Intent,android.content.ContentValues)
com.dailystudio.dataobject.IntegerColumn:
    private static final java.lang.String TYPE_NAME
    24:25:public IntegerColumn(java.lang.String,int)
    28:29:public IntegerColumn(java.lang.String,boolean,int)
    32:33:public IntegerColumn(java.lang.String,boolean,boolean,int)
    66:76:protected void attachValueTo(android.content.Intent,android.content.ContentValues)